info it worked if it ends with ok
verbose cli [ 'node', '/usr/local/bin/npm', 'test' ]
info using npm@1.1.16
info using node@v0.6.14
verbose config file /Users/klop/.npmrc
verbose config file /usr/local/etc/npmrc
verbose config file /Users/klop/node/npm/npmrc
verbose caching /Users/klop/node/node-ecstatic/package.json
verbose loadDefaults ecstatic@0.2.0-alpha
verbose run-script [ 'pretest', 'test', 'posttest' ]
info pretest ecstatic@0.2.0-alpha
info test ecstatic@0.2.0-alpha
verbose unsafe-perm in lifecycle true
silly exec sh "-c" "tap test/*.js"
silly spawning [ 'sh',
silly spawning   [ '-c', 'tap test/*.js' ],
silly spawning   '/Users/klop/node/node-ecstatic' ]
info ecstatic@0.2.0-alpha Failed to exec test script
ERR! ecstatic@0.2.0-alpha test: `tap test/*.js`
ERR! `sh "-c" "tap test/*.js"` failed with 4
ERR! 
ERR! Failed at the ecstatic@0.2.0-alpha test script.
ERR! This is most likely a problem with the ecstatic package,
ERR! not with npm itself.
ERR! Tell the author that this fails on your system:
ERR!     tap test/*.js
ERR! You can get their info via:
ERR!     npm owner ls ecstatic
ERR! There is likely additional logging output above.
ERR! 
ERR! System Darwin 10.8.0
ERR! command "node" "/usr/local/bin/npm" "test"
ERR! cwd /Users/klop/node/node-ecstatic
ERR! node -v v0.6.14
ERR! npm -v 1.1.16
ERR! code ELIFECYCLE
ERR! message ecstatic@0.2.0-alpha test: `tap test/*.js`
ERR! message `sh "-c" "tap test/*.js"` failed with 4
ERR! errno {}
verbose exit [ 1, true ]
